2017-02-07 17:58:50,658 INFO  [Log] UserName is Entered 
2017-02-07 17:58:50,720 INFO  [Log] Password is Entered 
2017-02-07 17:58:52,026 INFO  [Log] Clicked on Connect Login button 
2017-02-07 17:58:52,026 INFO  [Log] User is Logged in 
2017-02-07 17:58:52,441 INFO  [Log] User is now navigated to ConnectMarketplace 
2017-02-14 16:52:37,890 INFO  [Log] UserName is Entered 
2017-02-14 16:52:37,958 INFO  [Log] Password is Entered 
2017-02-14 16:52:39,127 INFO  [Log] Clicked on Connect Login button 
2017-02-14 16:52:39,127 INFO  [Log] User is Logged in 
2017-02-14 16:52:39,256 INFO  [Log] User is now navigated to ConnectMarketplace 
2017-02-14 16:53:17,919 INFO  [Log] UserName is Entered 
2017-02-14 16:53:17,995 INFO  [Log] Password is Entered 
2017-02-14 16:53:19,265 INFO  [Log] Clicked on Connect Login button 
2017-02-14 16:53:19,265 INFO  [Log] User is Logged in 
2017-02-14 16:53:20,453 INFO  [Log] User is now navigated to ConnectMarketplace 
2017-02-14 16:54:56,346 INFO  [Log] UserName is Entered 
2017-02-14 16:54:56,412 INFO  [Log] Password is Entered 
2017-02-14 16:54:57,713 INFO  [Log] Clicked on Connect Login button 
2017-02-14 16:54:57,713 INFO  [Log] User is Logged in 
2017-02-14 16:54:57,831 INFO  [Log] User is now navigated to ConnectMarketplace 
2017-02-14 16:57:21,901 INFO  [Log] UserName is Entered 
2017-02-14 16:57:21,976 INFO  [Log] Password is Entered 
2017-02-14 16:57:23,069 INFO  [Log] Clicked on Connect Login button 
2017-02-14 16:57:23,069 INFO  [Log] User is Logged in 
2017-02-14 16:57:30,540 INFO  [Log] User is now navigated to ConnectMarketplace 
2017-02-15 16:56:59,496 INFO  [Log] UserName is Entered 
2017-02-15 16:56:59,565 INFO  [Log] Password is Entered 
2017-02-15 16:57:02,298 INFO  [Log] Clicked on Connect Login button 
2017-02-15 16:57:02,298 INFO  [Log] User is Logged in 
2017-02-15 16:57:02,412 INFO  [Log] User is now navigated to ConnectMarketplace 
2017-02-15 16:57:39,605 INFO  [Log] UserName is Entered 
2017-02-15 16:57:39,675 INFO  [Log] Password is Entered 
2017-02-15 16:57:41,304 INFO  [Log] Clicked on Connect Login button 
2017-02-15 16:57:41,304 INFO  [Log] User is Logged in 
2017-02-15 16:57:43,810 INFO  [Log] User is now navigated to ConnectMarketplace 
2017-02-15 17:54:08,636 INFO  [Log] UserName is Entered 
2017-02-15 17:54:08,701 INFO  [Log] Password is Entered 
2017-02-15 17:54:10,350 INFO  [Log] Clicked on Connect Login button 
2017-02-15 17:54:10,350 INFO  [Log] User is Logged in 
2017-02-15 17:54:10,469 INFO  [Log] User is now navigated to ConnectMarketplace 
2017-02-15 17:55:08,191 INFO  [Log] UserName is Entered 
2017-02-15 17:55:08,269 INFO  [Log] Password is Entered 
2017-02-15 17:55:08,409 INFO  [Log] Clicked on Connect Login button 
2017-02-15 17:55:08,409 INFO  [Log] User is Logged in 
2017-02-15 17:57:15,460 INFO  [Log] UserName is Entered 
2017-02-15 17:57:15,527 INFO  [Log] Password is Entered 
2017-02-15 17:57:17,832 INFO  [Log] Clicked on Connect Login button 
2017-02-15 17:57:17,832 INFO  [Log] User is Logged in 
2017-02-15 17:57:19,026 INFO  [Log] User is now navigated to ConnectMarketplace 
2017-02-15 17:58:20,210 INFO  [Log] UserName is Entered 
2017-02-15 17:58:20,293 INFO  [Log] Password is Entered 
2017-02-15 17:58:22,102 INFO  [Log] Clicked on Connect Login button 
2017-02-15 17:58:22,102 INFO  [Log] User is Logged in 
2017-02-15 17:58:23,237 INFO  [Log] User is now navigated to ConnectMarketplace 
2017-02-15 18:00:10,532 INFO  [Log] UserName is Entered 
2017-02-15 18:00:10,600 INFO  [Log] Password is Entered 
2017-02-15 18:00:12,134 INFO  [Log] Clicked on Connect Login button 
2017-02-15 18:00:12,134 INFO  [Log] User is Logged in 
2017-02-15 18:00:12,263 INFO  [Log] User is now navigated to ConnectMarketplace 
2017-02-15 18:00:59,174 INFO  [Log] UserName is Entered 
2017-02-15 18:00:59,253 INFO  [Log] Password is Entered 
2017-02-15 18:01:00,360 INFO  [Log] Clicked on Connect Login button 
2017-02-15 18:01:00,360 INFO  [Log] User is Logged in 
2017-02-15 18:01:01,243 INFO  [Log] User is now navigated to ConnectMarketplace 
2017-02-15 18:02:53,958 INFO  [Log] UserName is Entered 
2017-02-15 18:02:54,027 INFO  [Log] Password is Entered 
2017-02-15 18:02:55,357 INFO  [Log] Clicked on Connect Login button 
2017-02-15 18:02:55,357 INFO  [Log] User is Logged in 
2017-02-15 18:02:55,470 INFO  [Log] User is now navigated to ConnectMarketplace 
2017-02-15 18:03:49,705 INFO  [Log] UserName is Entered 
2017-02-15 18:03:49,778 INFO  [Log] Password is Entered 
2017-02-15 18:03:51,069 INFO  [Log] Clicked on Connect Login button 
2017-02-15 18:03:51,069 INFO  [Log] User is Logged in 
2017-02-15 18:03:52,066 INFO  [Log] User is now navigated to ConnectMarketplace 
2017-02-15 18:22:11,966 INFO  [Log] UserName is Entered 
2017-02-15 18:22:12,034 INFO  [Log] Password is Entered 
2017-02-15 18:22:13,351 INFO  [Log] Clicked on Connect Login button 
2017-02-15 18:22:13,351 INFO  [Log] User is Logged in 
2017-02-15 18:22:13,916 INFO  [Log] UserName is Entered 
2017-02-15 18:22:13,990 INFO  [Log] Password is Entered 
2017-02-15 18:22:14,911 INFO  [Log] Clicked on Connect Login button 
2017-02-15 18:22:14,911 INFO  [Log] User is Logged in 
2017-02-16 10:39:48,511 INFO  [Log] UserName is Entered 
2017-02-16 10:39:48,573 INFO  [Log] Password is Entered 
2017-02-16 10:39:49,899 INFO  [Log] Clicked on Connect Login button 
2017-02-16 10:39:49,899 INFO  [Log] User is Logged in 
2017-02-16 10:39:50,757 INFO  [Log] User is now navigated to ConnectMarketplace 
2017-02-23 11:41:01,690 INFO  [Log] UserName is Entered 
2017-02-23 11:41:01,752 INFO  [Log] Password is Entered 
2017-02-23 11:41:03,222 INFO  [Log] Clicked on Connect Login button 
2017-02-23 11:41:03,222 INFO  [Log] User is Logged in 
2017-02-23 11:41:04,246 INFO  [Log] User is now navigated to ConnectMarketplace 
2017-02-23 11:41:34,620 INFO  [Log] UserName is Entered 
2017-02-23 11:41:34,689 INFO  [Log] Password is Entered 
2017-02-23 11:41:35,794 INFO  [Log] Clicked on Connect Login button 
2017-02-23 11:41:35,794 INFO  [Log] User is Logged in 
2017-02-23 11:41:36,750 INFO  [Log] User is now navigated to ConnectMarketplace 
2017-02-24 10:12:38,082 INFO  [Log] UserName is Entered 
2017-02-24 10:12:38,149 INFO  [Log] Password is Entered 
2017-02-24 10:12:39,701 INFO  [Log] Clicked on Connect Login button 
2017-02-24 10:12:39,701 INFO  [Log] User is Logged in 
2017-02-24 10:12:39,822 INFO  [Log] User is now navigated to ConnectMarketplace 
2017-02-24 10:13:50,935 INFO  [Log] UserName is Entered 
2017-02-24 10:13:51,009 INFO  [Log] Password is Entered 
2017-02-24 10:13:52,222 INFO  [Log] Clicked on Connect Login button 
2017-02-24 10:13:52,222 INFO  [Log] User is Logged in 
2017-02-24 10:13:53,154 INFO  [Log] User is now navigated to ConnectMarketplace 
2017-02-24 21:49:21,021 INFO  [Log] UserName is Entered 
2017-02-24 21:49:21,082 INFO  [Log] Password is Entered 
2017-02-24 21:49:23,425 INFO  [Log] Clicked on Connect Login button 
2017-02-24 21:49:23,425 INFO  [Log] User is Logged in 
2017-02-24 21:49:24,444 INFO  [Log] User is now navigated to ConnectMarketplace 
2017-02-24 21:50:43,393 INFO  [Log] UserName is Entered 
2017-02-24 21:50:43,458 INFO  [Log] Password is Entered 
2017-02-24 21:50:45,112 INFO  [Log] Clicked on Connect Login button 
2017-02-24 21:50:45,112 INFO  [Log] User is Logged in 
2017-02-24 21:50:46,031 INFO  [Log] User is now navigated to ConnectMarketplace 
2017-03-28 14:45:14,563 INFO  [Log] UserName is Entered 
2017-03-28 14:45:14,631 INFO  [Log] Password is Entered 
2017-03-28 14:45:16,717 INFO  [Log] Clicked on Connect Login button 
2017-03-28 14:45:17,835 INFO  [Log] User is now navigated to ConnectMarketplace 
2017-03-28 15:13:25,565 INFO  [Log] UserName is Entered 
2017-03-28 15:13:25,685 INFO  [Log] Password is Entered 
2017-03-28 15:13:27,171 INFO  [Log] Clicked on Connect Login button 
2017-03-28 15:13:27,314 INFO  [Log] User is now navigated to ConnectMarketplace 
2017-03-28 15:20:34,502 INFO  [Log] UserName is Entered 
2017-03-28 15:20:34,582 INFO  [Log] Password is Entered 
2017-03-28 15:20:35,877 INFO  [Log] Clicked on Connect Login button 
2017-03-28 15:20:36,782 INFO  [Log] User is now navigated to ConnectMarketplace 
2017-03-28 15:37:42,234 INFO  [Log] UserName is Entered 
2017-03-28 15:37:42,311 INFO  [Log] Password is Entered 
2017-03-28 15:37:43,759 INFO  [Log] Clicked on Connect Login button 
2017-03-28 15:37:44,832 INFO  [Log] User is now navigated to ConnectMarketplace 
2017-03-28 15:42:25,996 INFO  [Log] UserName is Entered 
2017-03-28 15:42:26,066 INFO  [Log] Password is Entered 
2017-03-28 15:42:27,279 INFO  [Log] Clicked on Connect Login button 
2017-03-28 15:42:28,255 INFO  [Log] User is now navigated to ConnectMarketplace 
2017-03-29 11:56:15,822 INFO  [Log] UserName is Entered 
2017-03-29 11:56:15,906 INFO  [Log] Password is Entered 
2017-03-29 11:56:17,309 INFO  [Log] Clicked on Connect Login button 
2017-03-29 11:56:17,452 INFO  [Log] User is now navigated to ConnectMarketplace 
2017-08-21 10:54:26,069 INFO  [Log] UserName is Entered 
2017-08-21 10:54:26,145 INFO  [Log] Password is Entered 
2017-08-21 10:54:27,545 INFO  [Log] Clicked on Connect Login button 
2017-08-21 10:54:28,655 INFO  [Log] User is now navigated to ConnectMarketplace 
